c:\users\olaru\desktop\facultate\colocviu oop\simulare_colocviu_refacuta\simulare_colocviu_refacuta\debug\vc142.pdb
c:\users\olaru\desktop\facultate\colocviu oop\simulare_colocviu_refacuta\simulare_colocviu_refacuta\debug\vc142.idb
c:\users\olaru\desktop\facultate\colocviu oop\simulare_colocviu_refacuta\simulare_colocviu_refacuta\debug\manager_singleton.obj
c:\users\olaru\desktop\facultate\colocviu oop\simulare_colocviu_refacuta\simulare_colocviu_refacuta\debug\simulare_colocviu_refacuta.obj
c:\users\olaru\desktop\facultate\colocviu oop\simulare_colocviu_refacuta\simulare_colocviu_refacuta\debug\candidat_if2.obj
c:\users\olaru\desktop\facultate\colocviu oop\simulare_colocviu_refacuta\simulare_colocviu_refacuta\debug\candidat_if.obj
c:\users\olaru\desktop\facultate\colocviu oop\simulare_colocviu_refacuta\simulare_colocviu_refacuta\debug\candidat_id2.obj
c:\users\olaru\desktop\facultate\colocviu oop\simulare_colocviu_refacuta\simulare_colocviu_refacuta\debug\candidat_id.obj
c:\users\olaru\desktop\facultate\colocviu oop\simulare_colocviu_refacuta\simulare_colocviu_refacuta\debug\candidat_2fac.obj
c:\users\olaru\desktop\facultate\colocviu oop\simulare_colocviu_refacuta\simulare_colocviu_refacuta\debug\candidat.obj
c:\users\olaru\desktop\facultate\colocviu oop\simulare_colocviu_refacuta\debug\simulare_colocviu_refacuta.pdb
c:\users\olaru\desktop\facultate\colocviu oop\simulare_colocviu_refacuta\simulare_colocviu_refacuta\debug\simulare.acc2d723.tlog\cl.command.1.tlog
c:\users\olaru\desktop\facultate\colocviu oop\simulare_colocviu_refacuta\simulare_colocviu_refacuta\debug\simulare.acc2d723.tlog\cl.read.1.tlog
c:\users\olaru\desktop\facultate\colocviu oop\simulare_colocviu_refacuta\simulare_colocviu_refacuta\debug\simulare.acc2d723.tlog\cl.write.1.tlog
c:\users\olaru\desktop\facultate\colocviu oop\simulare_colocviu_refacuta\simulare_colocviu_refacuta\debug\simulare.acc2d723.tlog\link.29664-cvtres.read.1.tlog
c:\users\olaru\desktop\facultate\colocviu oop\simulare_colocviu_refacuta\simulare_colocviu_refacuta\debug\simulare.acc2d723.tlog\link.29664-cvtres.write.1.tlog
c:\users\olaru\desktop\facultate\colocviu oop\simulare_colocviu_refacuta\simulare_colocviu_refacuta\debug\simulare.acc2d723.tlog\link.29664-rc.read.1.tlog
c:\users\olaru\desktop\facultate\colocviu oop\simulare_colocviu_refacuta\simulare_colocviu_refacuta\debug\simulare.acc2d723.tlog\link.29664-rc.write.1.tlog
c:\users\olaru\desktop\facultate\colocviu oop\simulare_colocviu_refacuta\simulare_colocviu_refacuta\debug\simulare.acc2d723.tlog\link.29664.read.1.tlog
c:\users\olaru\desktop\facultate\colocviu oop\simulare_colocviu_refacuta\simulare_colocviu_refacuta\debug\simulare.acc2d723.tlog\link.29664.write.1.tlog
c:\users\olaru\desktop\facultate\colocviu oop\simulare_colocviu_refacuta\simulare_colocviu_refacuta\debug\simulare.acc2d723.tlog\link.command.1.tlog
c:\users\olaru\desktop\facultate\colocviu oop\simulare_colocviu_refacuta\simulare_colocviu_refacuta\debug\simulare.acc2d723.tlog\link.read.1.tlog
c:\users\olaru\desktop\facultate\colocviu oop\simulare_colocviu_refacuta\simulare_colocviu_refacuta\debug\simulare.acc2d723.tlog\link.write.1.tlog
